[2020-11-04 09:56:34.835767]: connected to discord as: Aetheria Staff (719785508862951444)!
[2020-11-04 09:58:34.464717]: connected to discord as: Aetheria Staff (719785508862951444)!
[2020-11-04 10:26:01.612478]: connected to discord as: Aetheria Online (719785508862951444)!
[2020-11-04 10:27:09.456887]: connected to discord as: Aetheria Online (719785508862951444)!
[2020-11-04 10:28:06.389303]: connected to discord as: Aetheria Online (719785508862951444)!
[2020-11-04 10:28:36.711705]: loaded info!
[2020-11-04 10:28:37.395580]: connected to discord as: Aetheria Online (719785508862951444)!
[2020-11-04 10:29:06.035366]: loaded info!
[2020-11-04 10:29:06.626369]: connected to discord as: Aetheria Online (719785508862951444)!
[2020-11-04 10:29:49.491426]: loaded info!
[2020-11-04 10:29:49.934431]: connected to discord as: Aetheria Online (719785508862951444)!
[2020-11-04 10:31:19.148849]: loaded info!
[2020-11-04 10:31:19.650376]: connected to discord as: Aetheria Online (719785508862951444)!
[2020-11-04 10:44:12.926451]: loaded info!
[2020-11-04 10:44:13.417593]: connected to discord as: Aetheria Online (719785508862951444)!
[2020-11-04 10:44:40.184041]: loaded info!
[2020-11-04 10:44:40.236000]: loaded moderation!
[2020-11-04 10:44:40.769935]: connected to discord as: Aetheria Online (719785508862951444)!
[2020-11-04 10:46:41.570983]: loaded info!
[2020-11-04 10:46:41.591163]: loaded moderation!
[2020-11-04 10:46:42.426139]: connected to discord as: Aetheria Online (719785508862951444)!
[2020-11-04 10:48:07.614132]: loaded info!
[2020-11-04 10:48:07.632132]: loaded moderation!
[2020-11-04 10:48:08.660019]: connected to discord as: Aetheria Online (719785508862951444)!
[2020-11-04 10:48:40.755708]: loaded info!
[2020-11-04 10:48:40.773672]: loaded moderation!
[2020-11-04 10:48:41.260912]: connected to discord as: Aetheria Online (719785508862951444)!
[2020-11-04 10:54:22.330616]: loaded info!
[2020-11-04 10:54:22.347751]: loaded moderation!
[2020-11-04 10:54:24.038810]: connected to discord as: Aetheria Online (719785508862951444)!
[2020-11-04 10:54:55.122481]: loaded info!
[2020-11-04 10:54:55.133911]: loaded moderation!
[2020-11-04 10:54:55.949211]: loaded music!
[2020-11-04 10:54:56.654953]: connected to discord as: Aetheria Online (719785508862951444)!
[2020-11-04 10:56:06.742639]: loaded info!
[2020-11-04 10:56:06.762433]: loaded moderation!
[2020-11-04 10:56:08.130514]: loaded music!
[2020-11-04 10:56:09.003542]: connected to discord as: Aetheria Online (719785508862951444)!
[2020-11-04 10:57:32.479527]: loaded info!
[2020-11-04 10:57:32.490572]: loaded moderation!
[2020-11-04 10:57:33.327486]: loaded music!
[2020-11-04 10:57:34.118812]: connected to discord as: Aetheria Online (719785508862951444)!
[2020-11-04 11:04:17.310337]: loaded info!
[2020-11-04 11:04:17.322029]: loaded moderation!
[2020-11-04 11:04:18.002113]: loaded music!
[2020-11-04 11:04:18.672822]: connected to discord as: Aetheria Online (719785508862951444)!
[2020-11-04 11:06:01.939160]: loaded info!
[2020-11-04 11:06:01.953956]: loaded moderation!
[2020-11-04 11:06:02.651941]: loaded music!
[2020-11-04 11:06:03.272710]: connected to discord as: Aetheria Online (719785508862951444)!
[2020-11-04 11:07:25.131337]: loaded info!
[2020-11-04 11:07:25.142185]: loaded moderation!
[2020-11-04 11:07:25.880810]: loaded music!
[2020-11-04 11:07:26.346351]: connected to discord as: Aetheria Online (719785508862951444)!
[2020-11-04 11:08:57.045297]: loaded info!
[2020-11-04 11:08:57.062294]: loaded moderation!
[2020-11-04 11:08:58.290878]: loaded music!
[2020-11-04 11:08:58.969965]: connected to discord as: Aetheria Online (719785508862951444)!
[2020-11-04 11:34:12.642388]: disconnected!
[2020-11-04 11:34:12.848525]: disconnected!
[2020-11-04 11:34:14.471590]: disconnected!
[2020-11-04 11:34:19.263498]: disconnected!
[2020-11-04 11:34:25.435766]: connected to discord as: Aetheria Online (719785508862951444)!
[2020-11-04 11:44:28.236408]: loaded info!
[2020-11-04 11:44:28.244407]: loaded moderation!
[2020-11-04 11:44:28.709401]: loaded music!
[2020-11-04 11:44:29.070373]: connected to discord as: Aetheria Online (719785508862951444)!
[2020-11-04 11:47:05.051046]: loaded info!
[2020-11-04 11:47:05.071049]: loaded moderation!
[2020-11-04 11:47:06.597506]: loaded music!
[2020-11-04 11:47:07.122504]: connected to discord as: Aetheria Online (719785508862951444)!
[2020-11-04 11:49:21.392828]: loaded info!
[2020-11-04 11:49:21.400825]: loaded moderation!
[2020-11-04 11:49:21.854826]: loaded music!
[2020-11-04 11:49:22.369607]: connected to discord as: Aetheria Online (719785508862951444)!
[2020-11-04 11:50:51.404599]: loaded info!
[2020-11-04 11:50:51.411623]: loaded moderation!
[2020-11-04 11:50:51.854613]: loaded music!
[2020-11-04 11:50:52.248459]: connected to discord as: Aetheria Online (719785508862951444)!
[2020-11-04 11:51:47.008580]: loaded info!
[2020-11-04 11:51:47.017580]: loaded moderation!
[2020-11-04 11:51:47.649101]: loaded music!
[2020-11-04 11:51:50.238925]: connected to discord as: Aetheria Online (719785508862951444)!
[2020-11-04 11:52:53.008179]: loaded info!
[2020-11-04 11:52:53.016181]: loaded moderation!
[2020-11-04 11:52:53.471175]: loaded music!
[2020-11-04 11:52:53.921766]: connected to discord as: Aetheria Online (719785508862951444)!
[2020-11-04 11:53:35.920641]: loaded info!
[2020-11-04 11:53:35.930606]: loaded moderation!
[2020-11-04 11:53:36.535639]: loaded music!
[2020-11-04 11:53:36.926469]: connected to discord as: Aetheria Online (719785508862951444)!
[2020-11-04 11:55:02.403775]: loaded info!
[2020-11-04 11:55:02.411809]: loaded moderation!
[2020-11-04 11:55:02.889770]: loaded music!
[2020-11-04 11:55:03.628654]: connected to discord as: Aetheria Online (719785508862951444)!
[2020-11-04 11:55:52.049397]: loaded info!
[2020-11-04 11:55:52.060396]: loaded moderation!
[2020-11-04 11:55:52.672537]: loaded music!
[2020-11-04 11:55:53.191402]: connected to discord as: Aetheria Online (719785508862951444)!
[2020-11-04 11:56:37.398177]: loaded info!
[2020-11-04 11:56:37.406179]: loaded moderation!
[2020-11-04 11:56:37.858176]: loaded music!
[2020-11-04 11:56:38.281486]: connected to discord as: Aetheria Online (719785508862951444)!
[2020-11-04 11:56:54.775830]: loaded info!
[2020-11-04 11:56:54.782825]: loaded moderation!
[2020-11-04 11:56:55.243470]: loaded music!
[2020-11-04 11:56:56.231504]: connected to discord as: Aetheria Online (719785508862951444)!
[2020-11-04 12:00:37.461979]: disconnected!
[2020-11-04 12:01:40.772445]: loaded info!
[2020-11-04 12:01:40.780455]: loaded moderation!
[2020-11-04 12:01:41.257447]: loaded music!
[2020-11-04 12:01:41.709807]: connected to discord as: Aetheria Online (719785508862951444)!
[2020-11-04 12:02:10.068674]: loaded info!
[2020-11-04 12:02:10.075682]: loaded moderation!
[2020-11-04 12:02:10.617233]: loaded music!
[2020-11-04 12:02:11.050517]: connected to discord as: Aetheria Online (719785508862951444)!
[2020-11-04 12:02:24.424271]: loaded info!
[2020-11-04 12:02:24.433321]: loaded moderation!
[2020-11-04 12:02:24.907269]: loaded music!
[2020-11-04 12:02:25.372499]: connected to discord as: Aetheria Online (719785508862951444)!
[2020-11-04 12:03:40.959016]: loaded info!
[2020-11-04 12:03:40.974020]: loaded moderation!
[2020-11-04 12:03:41.735613]: loaded music!
[2020-11-04 12:03:42.107127]: connected to discord as: Aetheria Online (719785508862951444)!
[2020-11-04 12:04:13.658206]: loaded info!
[2020-11-04 12:04:13.668199]: loaded moderation!
[2020-11-04 12:04:14.152682]: loaded music!
[2020-11-04 12:04:14.587170]: connected to discord as: Aetheria Online (719785508862951444)!
[2020-11-04 12:06:01.974673]: loaded info!
[2020-11-04 12:06:01.994671]: loaded moderation!
[2020-11-04 12:06:02.842277]: loaded music!
[2020-11-04 12:06:03.390144]: connected to discord as: Aetheria Online (719785508862951444)!
[2020-11-04 12:06:22.846421]: loaded info!
[2020-11-04 12:06:22.860419]: loaded moderation!
[2020-11-04 12:06:23.510505]: loaded music!
[2020-11-04 12:06:23.979373]: connected to discord as: Aetheria Online (719785508862951444)!
[2020-11-04 12:07:28.722016]: loaded info!
[2020-11-04 12:07:28.736017]: loaded moderation!
[2020-11-04 12:07:29.774124]: loaded music!
[2020-11-04 12:07:30.154090]: connected to discord as: Aetheria Online (719785508862951444)!
[2020-11-04 12:08:49.718684]: loaded info!
[2020-11-04 12:08:49.728685]: loaded moderation!
[2020-11-04 12:08:50.350646]: loaded music!
[2020-11-04 12:08:50.696211]: connected to discord as: Aetheria Online (719785508862951444)!
[2020-11-04 12:12:35.237613]: loaded info!
[2020-11-04 12:12:35.249817]: loaded moderation!
[2020-11-04 12:12:35.991689]: loaded music!
[2020-11-04 12:12:36.905247]: connected to discord as: Aetheria Online (719785508862951444)!
[2020-11-04 12:13:33.116389]: loaded info!
[2020-11-04 12:13:33.129394]: loaded moderation!
[2020-11-04 12:13:33.963531]: loaded music!
[2020-11-04 12:13:34.492708]: connected to discord as: Aetheria Online (719785508862951444)!
